# JRE version: Java(TM) SE Runtime Environment (8.0_60-b27) (build 1.8.0_60-b27)
# Java VM: Java HotSpot(TM) 64-Bit Server VM (25.60-b23 mixed mode bsd-amd64 compressed oops)
Heap:
 PSYoungGen      total 90624K, used 25255K [0x000000076ab00000, 0x0000000779d80000, 0x00000007c0000000)
  eden space 79872K, 18% used [0x000000076ab00000,0x000000076b92ecb0,0x000000076f900000)
  from space 10752K, 99% used [0x0000000773880000,0x00000007742fb258,0x0000000774300000)
  to   space 65024K, 0% used [0x000000076f900000,0x000000076f900000,0x0000000773880000)
 ParOldGen       total 365568K, used 156469K [0x00000006c0000000, 0x00000006d6500000, 0x000000076ab00000)
  object space 365568K, 42% used [0x00000006c0000000,0x00000006c98cd6c0,0x00000006d6500000)
 Metaspace       used 30347K, capacity 30678K, committed 31024K, reserved 1077248K
  class space    used 3724K, capacity 3809K, committed 3888K, reserved 1048576K
GC Heap History (10 events):
Event: 22.778 GC heap before
{Heap before GC invocations=9 (full 4):
 PSYoungGen      total 90112K, used 79360K [0x000000076ab00000, 0x0000000770d80000, 0x00000007c0000000)
  eden space 79360K, 100% used [0x000000076ab00000,0x000000076f880000,0x000000076f880000)
  from space 10752K, 0% used [0x0000000770300000,0x0000000770300000,0x0000000770d80000)
  to   space 10752K, 0% used [0x000000076f880000,0x000000076f880000,0x0000000770300000)
 ParOldGen       total 125952K, used 15551K [0x00000006c0000000, 0x00000006c7b00000, 0x000000076ab00000)
  object space 125952K, 12% used [0x00000006c0000000,0x00000006c0f2fd50,0x00000006c7b00000)
 Metaspace       used 30261K, capacity 30614K, committed 31024K, reserved 1077248K
  class space    used 3722K, capacity 3809K, committed 3888K, reserved 1048576K
Event: 22.792 GC heap after
Heap after GC invocations=9 (full 4):
 PSYoungGen      total 90112K, used 10748K [0x000000076ab00000, 0x0000000771d00000, 0x00000007c0000000)
  eden space 79360K, 0% used [0x000000076ab00000,0x000000076ab00000,0x000000076f880000)
  from space 10752K, 99% used [0x000000076f880000,0x00000007702ff048,0x0000000770300000)
  to   space 10752K, 0% used [0x0000000771280000,0x0000000771280000,0x0000000771d00000)
 ParOldGen       total 125952K, used 30595K [0x00000006c0000000, 0x00000006c7b00000, 0x000000076ab00000)
  object space 125952K, 24% used [0x00000006c0000000,0x00000006c1de0c80,0x00000006c7b00000)
 Metaspace       used 30261K, capacity 30614K, committed 31024K, reserved 1077248K
  class space    used 3722K, capacity 3809K, committed 3888K, reserved 1048576K
}
Event: 26.182 GC heap before
{Heap before GC invocations=10 (full 4):
 PSYoungGen      total 90112K, used 90108K [0x000000076ab00000, 0x0000000771d00000, 0x00000007c0000000)
  eden space 79360K, 100% used [0x000000076ab00000,0x000000076f880000,0x000000076f880000)
  from space 10752K, 99% used [0x000000076f880000,0x00000007702ff048,0x0000000770300000)
  to   space 10752K, 0% used [0x0000000771280000,0x0000000771280000,0x0000000771d00000)
 ParOldGen       total 125952K, used 30595K [0x00000006c0000000, 0x00000006c7b00000, 0x000000076ab00000)
  object space 125952K, 24% used [0x00000006c0000000,0x00000006c1de0c80,0x00000006c7b00000)
 Metaspace       used 30277K, capacity 30614K, committed 31024K, reserved 1077248K
  class space    used 3722K, capacity 3809K, committed 3888K, reserved 1048576K
Event: 26.207 GC heap after
Heap after GC invocations=10 (full 4):
 PSYoungGen      total 105984K, used 10722K [0x000000076ab00000, 0x0000000772580000, 0x00000007c0000000)
  eden space 95232K, 0% used [0x000000076ab00000,0x000000076ab00000,0x0000000770800000)
  from space 10752K, 99% used [0x0000000771280000,0x0000000771cf8a48,0x0000000771d00000)
  to   space 10752K, 0% used [0x0000000770800000,0x0000000770800000,0x0000000771280000)
 ParOldGen       total 125952K, used 61924K [0x00000006c0000000, 0x00000006c7b00000, 0x000000076ab00000)
  object space 125952K, 49% used [0x00000006c0000000,0x00000006c3c79100,0x00000006c7b00000)
 Metaspace       used 30277K, capacity 30614K, committed 31024K, reserved 1077248K
  class space    used 3722K, capacity 3809K, committed 3888K, reserved 1048576K
}
Event: 28.793 GC heap before
{Heap before GC invocations=11 (full 4):
 PSYoungGen      total 105984K, used 105954K [0x000000076ab00000, 0x0000000772580000, 0x00000007c0000000)
  eden space 95232K, 100% used [0x000000076ab00000,0x0000000770800000,0x0000000770800000)
  from space 10752K, 99% used [0x0000000771280000,0x0000000771cf8a48,0x0000000771d00000)
  to   space 10752K, 0% used [0x0000000770800000,0x0000000770800000,0x0000000771280000)
 ParOldGen       total 125952K, used 61924K [0x00000006c0000000, 0x00000006c7b00000, 0x000000076ab00000)
  object space 125952K, 49% used [0x00000006c0000000,0x00000006c3c79100,0x00000006c7b00000)
 Metaspace       used 30307K, capacity 30614K, committed 31024K, reserved 1077248K
  class space    used 3722K, capacity 3809K, committed 3888K, reserved 1048576K
Event: 28.825 GC heap after
Heap after GC invocations=11 (full 4):
 PSYoungGen      total 105984K, used 10729K [0x000000076ab00000, 0x0000000774300000, 0x00000007c0000000)
  eden space 95232K, 0% used [0x000000076ab00000,0x000000076ab00000,0x0000000770800000)
  from space 10752K, 99% used [0x0000000770800000,0x000000077127a4c8,0x0000000771280000)
  to   space 10752K, 0% used [0x0000000773880000,0x0000000773880000,0x0000000774300000)
 ParOldGen       total 125952K, used 104741K [0x00000006c0000000, 0x00000006c7b00000, 0x000000076ab00000)
  object space 125952K, 83% used [0x00000006c0000000,0x00000006c66495c0,0x00000006c7b00000)
 Metaspace       used 30307K, capacity 30614K, committed 31024K, reserved 1077248K
  class space    used 3722K, capacity 3809K, committed 3888K, reserved 1048576K
}
Event: 28.825 GC heap before
{Heap before GC invocations=12 (full 5):
 PSYoungGen      total 105984K, used 10729K [0x000000076ab00000, 0x0000000774300000, 0x00000007c0000000)
  eden space 95232K, 0% used [0x000000076ab00000,0x000000076ab00000,0x0000000770800000)
  from space 10752K, 99% used [0x0000000770800000,0x000000077127a4c8,0x0000000771280000)
  to   space 10752K, 0% used [0x0000000773880000,0x0000000773880000,0x0000000774300000)
 ParOldGen       total 125952K, used 104741K [0x00000006c0000000, 0x00000006c7b00000, 0x000000076ab00000)
  object space 125952K, 83% used [0x00000006c0000000,0x00000006c66495c0,0x00000006c7b00000)
 Metaspace       used 30307K, capacity 30614K, committed 31024K, reserved 1077248K
  class space    used 3722K, capacity 3809K, committed 3888K, reserved 1048576K
Event: 29.338 GC heap after
Heap after GC invocations=12 (full 5):
 PSYoungGen      total 105984K, used 0K [0x000000076ab00000, 0x0000000774300000, 0x00000007c0000000)
  eden space 95232K, 0% used [0x000000076ab00000,0x000000076ab00000,0x0000000770800000)
  from space 10752K, 0% used [0x0000000770800000,0x0000000770800000,0x0000000771280000)
  to   space 10752K, 0% used [0x0000000773880000,0x0000000773880000,0x0000000774300000)
 ParOldGen       total 365568K, used 113268K [0x00000006c0000000, 0x00000006d6500000, 0x000000076ab00000)
  object space 365568K, 30% used [0x00000006c0000000,0x00000006c6e9d1c0,0x00000006d6500000)
 Metaspace       used 30307K, capacity 30614K, committed 31024K, reserved 1077248K
  class space    used 3722K, capacity 3809K, committed 3888K, reserved 1048576K
}
Event: 31.926 GC heap before
{Heap before GC invocations=13 (full 5):
 PSYoungGen      total 105984K, used 95232K [0x000000076ab00000, 0x0000000774300000, 0x00000007c0000000)
  eden space 95232K, 100% used [0x000000076ab00000,0x0000000770800000,0x0000000770800000)
  from space 10752K, 0% used [0x0000000770800000,0x0000000770800000,0x0000000771280000)
  to   space 10752K, 0% used [0x0000000773880000,0x0000000773880000,0x0000000774300000)
 ParOldGen       total 365568K, used 113268K [0x00000006c0000000, 0x00000006d6500000, 0x000000076ab00000)
  object space 365568K, 30% used [0x00000006c0000000,0x00000006c6e9d1c0,0x00000006d6500000)
 Metaspace       used 30335K, capacity 30678K, committed 31024K, reserved 1077248K
  class space    used 3722K, capacity 3809K, committed 3888K, reserved 1048576K
Event: 31.962 GC heap after
Heap after GC invocations=13 (full 5):
 PSYoungGen      total 90624K, used 10732K [0x000000076ab00000, 0x0000000779d80000, 0x00000007c0000000)
  eden space 79872K, 0% used [0x000000076ab00000,0x000000076ab00000,0x000000076f900000)
  from space 10752K, 99% used [0x0000000773880000,0x00000007742fb258,0x0000000774300000)
  to   space 65024K, 0% used [0x000000076f900000,0x000000076f900000,0x0000000773880000)
 ParOldGen       total 365568K, used 156469K [0x00000006c0000000, 0x00000006d6500000, 0x000000076ab00000)
  object space 365568K, 42% used [0x00000006c0000000,0x00000006c98cd6c0,0x00000006d6500000)
 Metaspace       used 30335K, capacity 30678K, committed 31024K, reserved 1077248K
  class space    used 3722K, capacity 3809K, committed 3888K, reserved 1048576K
}

