# JRE version: Java(TM) SE Runtime Environment (8.0_60-b27) (build 1.8.0_60-b27)
# Java VM: Java HotSpot(TM) 64-Bit Server VM (25.60-b23 mixed mode bsd-amd64 compressed oops)
Heap:
 PSYoungGen      total 103424K, used 20661K [0x000000076ab00000, 0x0000000778400000, 0x00000007c0000000)
  eden space 92672K, 22% used [0x000000076ab00000,0x000000076bf2d4f8,0x0000000770580000)
  from space 10752K, 0% used [0x0000000770580000,0x0000000770580000,0x0000000771000000)
  to   space 46592K, 0% used [0x0000000775680000,0x0000000775680000,0x0000000778400000)
 ParOldGen       total 350208K, used 107023K [0x00000006c0000000, 0x00000006d5600000, 0x000000076ab00000)
  object space 350208K, 30% used [0x00000006c0000000,0x00000006c6883e00,0x00000006d5600000)
 Metaspace       used 30343K, capacity 30670K, committed 31024K, reserved 1077248K
  class space    used 3722K, capacity 3809K, committed 3888K, reserved 1048576K
GC Heap History (10 events):
Event: 25.524 GC heap before
{Heap before GC invocations=11 (full 5):
 PSYoungGen      total 89088K, used 78336K [0x000000076ab00000, 0x0000000770c80000, 0x00000007c0000000)
  eden space 78336K, 100% used [0x000000076ab00000,0x000000076f780000,0x000000076f780000)
  from space 10752K, 0% used [0x000000076f780000,0x000000076f780000,0x0000000770200000)
  to   space 10752K, 0% used [0x0000000770200000,0x0000000770200000,0x0000000770c80000)
 ParOldGen       total 126976K, used 15696K [0x00000006c0000000, 0x00000006c7c00000, 0x000000076ab00000)
  object space 126976K, 12% used [0x00000006c0000000,0x00000006c0f541f0,0x00000006c7c00000)
 Metaspace       used 30269K, capacity 30606K, committed 31024K, reserved 1077248K
  class space    used 3722K, capacity 3809K, committed 3888K, reserved 1048576K
Event: 25.529 GC heap after
Heap after GC invocations=11 (full 5):
 PSYoungGen      total 89088K, used 6742K [0x000000076ab00000, 0x0000000771780000, 0x00000007c0000000)
  eden space 78336K, 0% used [0x000000076ab00000,0x000000076ab00000,0x000000076f780000)
  from space 10752K, 62% used [0x0000000770200000,0x00000007708958c0,0x0000000770c80000)
  to   space 10752K, 0% used [0x000000076f780000,0x000000076f780000,0x0000000770200000)
 ParOldGen       total 126976K, used 15696K [0x00000006c0000000, 0x00000006c7c00000, 0x000000076ab00000)
  object space 126976K, 12% used [0x00000006c0000000,0x00000006c0f541f0,0x00000006c7c00000)
 Metaspace       used 30269K, capacity 30606K, committed 31024K, reserved 1077248K
  class space    used 3722K, capacity 3809K, committed 3888K, reserved 1048576K
}
Event: 29.706 GC heap before
{Heap before GC invocations=12 (full 5):
 PSYoungGen      total 89088K, used 85078K [0x000000076ab00000, 0x0000000771780000, 0x00000007c0000000)
  eden space 78336K, 100% used [0x000000076ab00000,0x000000076f780000,0x000000076f780000)
  from space 10752K, 62% used [0x0000000770200000,0x00000007708958c0,0x0000000770c80000)
  to   space 10752K, 0% used [0x000000076f780000,0x000000076f780000,0x0000000770200000)
 ParOldGen       total 126976K, used 15696K [0x00000006c0000000, 0x00000006c7c00000, 0x000000076ab00000)
  object space 126976K, 12% used [0x00000006c0000000,0x00000006c0f541f0,0x00000006c7c00000)
 Metaspace       used 30281K, capacity 30606K, committed 31024K, reserved 1077248K
  class space    used 3722K, capacity 3809K, committed 3888K, reserved 1048576K
Event: 29.720 GC heap after
Heap after GC invocations=12 (full 5):
 PSYoungGen      total 89088K, used 10742K [0x000000076ab00000, 0x0000000771a80000, 0x00000007c0000000)
  eden space 78336K, 0% used [0x000000076ab00000,0x000000076ab00000,0x000000076f780000)
  from space 10752K, 99% used [0x000000076f780000,0x00000007701fdbe0,0x0000000770200000)
  to   space 10752K, 0% used [0x0000000771000000,0x0000000771000000,0x0000000771a80000)
 ParOldGen       total 126976K, used 31361K [0x00000006c0000000, 0x00000006c7c00000, 0x000000076ab00000)
  object space 126976K, 24% used [0x00000006c0000000,0x00000006c1ea06f0,0x00000006c7c00000)
 Metaspace       used 30281K, capacity 30606K, committed 31024K, reserved 1077248K
  class space    used 3722K, capacity 3809K, committed 3888K, reserved 1048576K
}
Event: 31.956 GC heap before
{Heap before GC invocations=13 (full 5):
 PSYoungGen      total 89088K, used 89078K [0x000000076ab00000, 0x0000000771a80000, 0x00000007c0000000)
  eden space 78336K, 100% used [0x000000076ab00000,0x000000076f780000,0x000000076f780000)
  from space 10752K, 99% used [0x000000076f780000,0x00000007701fdbe0,0x0000000770200000)
  to   space 10752K, 0% used [0x0000000771000000,0x0000000771000000,0x0000000771a80000)
 ParOldGen       total 126976K, used 31361K [0x00000006c0000000, 0x00000006c7c00000, 0x000000076ab00000)
  object space 126976K, 24% used [0x00000006c0000000,0x00000006c1ea06f0,0x00000006c7c00000)
 Metaspace       used 30314K, capacity 30670K, committed 31024K, reserved 1077248K
  class space    used 3722K, capacity 3809K, committed 3888K, reserved 1048576K
Event: 31.976 GC heap after
Heap after GC invocations=13 (full 5):
 PSYoungGen      total 103424K, used 10729K [0x000000076ab00000, 0x0000000772280000, 0x00000007c0000000)
  eden space 92672K, 0% used [0x000000076ab00000,0x000000076ab00000,0x0000000770580000)
  from space 10752K, 99% used [0x0000000771000000,0x0000000771a7a570,0x0000000771a80000)
  to   space 10752K, 0% used [0x0000000770580000,0x0000000770580000,0x0000000771000000)
 ParOldGen       total 126976K, used 55042K [0x00000006c0000000, 0x00000006c7c00000, 0x000000076ab00000)
  object space 126976K, 43% used [0x00000006c0000000,0x00000006c35c0af0,0x00000006c7c00000)
 Metaspace       used 30314K, capacity 30670K, committed 31024K, reserved 1077248K
  class space    used 3722K, capacity 3809K, committed 3888K, reserved 1048576K
}
Event: 34.558 GC heap before
{Heap before GC invocations=14 (full 5):
 PSYoungGen      total 103424K, used 103401K [0x000000076ab00000, 0x0000000772280000, 0x00000007c0000000)
  eden space 92672K, 100% used [0x000000076ab00000,0x0000000770580000,0x0000000770580000)
  from space 10752K, 99% used [0x0000000771000000,0x0000000771a7a570,0x0000000771a80000)
  to   space 10752K, 0% used [0x0000000770580000,0x0000000770580000,0x0000000771000000)
 ParOldGen       total 126976K, used 55042K [0x00000006c0000000, 0x00000006c7c00000, 0x000000076ab00000)
  object space 126976K, 43% used [0x00000006c0000000,0x00000006c35c0af0,0x00000006c7c00000)
 Metaspace       used 30343K, capacity 30670K, committed 31024K, reserved 1077248K
  class space    used 3722K, capacity 3809K, committed 3888K, reserved 1048576K
Event: 34.592 GC heap after
Heap after GC invocations=14 (full 5):
 PSYoungGen      total 103424K, used 10721K [0x000000076ab00000, 0x0000000778400000, 0x00000007c0000000)
  eden space 92672K, 0% used [0x000000076ab00000,0x000000076ab00000,0x0000000770580000)
  from space 10752K, 99% used [0x0000000770580000,0x0000000770ff85f0,0x0000000771000000)
  to   space 46592K, 0% used [0x0000000775680000,0x0000000775680000,0x0000000778400000)
 ParOldGen       total 126976K, used 98404K [0x00000006c0000000, 0x00000006c7c00000, 0x000000076ab00000)
  object space 126976K, 77% used [0x00000006c0000000,0x00000006c6019030,0x00000006c7c00000)
 Metaspace       used 30343K, capacity 30670K, committed 31024K, reserved 1077248K
  class space    used 3722K, capacity 3809K, committed 3888K, reserved 1048576K
}
Event: 34.592 GC heap before
{Heap before GC invocations=15 (full 6):
 PSYoungGen      total 103424K, used 10721K [0x000000076ab00000, 0x0000000778400000, 0x00000007c0000000)
  eden space 92672K, 0% used [0x000000076ab00000,0x000000076ab00000,0x0000000770580000)
  from space 10752K, 99% used [0x0000000770580000,0x0000000770ff85f0,0x0000000771000000)
  to   space 46592K, 0% used [0x0000000775680000,0x0000000775680000,0x0000000778400000)
 ParOldGen       total 126976K, used 98404K [0x00000006c0000000, 0x00000006c7c00000, 0x000000076ab00000)
  object space 126976K, 77% used [0x00000006c0000000,0x00000006c6019030,0x00000006c7c00000)
 Metaspace       used 30343K, capacity 30670K, committed 31024K, reserved 1077248K
  class space    used 3722K, capacity 3809K, committed 3888K, reserved 1048576K
Event: 35.097 GC heap after
Heap after GC invocations=15 (full 6):
 PSYoungGen      total 103424K, used 0K [0x000000076ab00000, 0x0000000778400000, 0x00000007c0000000)
  eden space 92672K, 0% used [0x000000076ab00000,0x000000076ab00000,0x0000000770580000)
  from space 10752K, 0% used [0x0000000770580000,0x0000000770580000,0x0000000771000000)
  to   space 46592K, 0% used [0x0000000775680000,0x0000000775680000,0x0000000778400000)
 ParOldGen       total 350208K, used 107023K [0x00000006c0000000, 0x00000006d5600000, 0x000000076ab00000)
  object space 350208K, 30% used [0x00000006c0000000,0x00000006c6883e00,0x00000006d5600000)
 Metaspace       used 30343K, capacity 30670K, committed 31024K, reserved 1077248K
  class space    used 3722K, capacity 3809K, committed 3888K, reserved 1048576K
}

